<?xml version="1.0" encoding="UTF-8"?>
<testsuite xmlns:xsi="http://www.w3.org/2001/XMLSchema-instance" xsi:noNamespaceSchemaLocation="https://maven.apache.org/surefire/maven-surefire-plugin/xsd/surefire-test-report.xsd" name="edu.sjsu.cmpe202.parser.XmlFileParserTest" time="0.045" tests="2" errors="0" skipped="0" failures="0">
  <properties>
[...]
</properties>
  <testcase name="testXmlParser" classname="edu.sjsu.cmpe202.parser.XmlFileParserTest" time="0.04"/>
  <testcase name="testEmptyFile" classname="edu.sjsu.cmpe202.parser.XmlFileParserTest" time="0.004"/>
</testsuite>